  [1m[35m (0.4ms)[0m  [1m[35mCREATE DATABASE "react_with_rails_development" ENCODING = 'unicode'[0m
  [1m[35m (0.3ms)[0m  [1m[35mCREATE DATABASE "react_with_rails_test" ENCODING = 'unicode'[0m
  [1m[35m (153.4ms)[0m  [1m[35mCREATE TABLE "schema_migrations" ("version" character varying NOT NULL PRIMARY KEY)[0m
  [1m[35m (126.8ms)[0m  [1m[35mCREATE TABLE "ar_internal_metadata" ("key" character varying NOT NULL PRIMARY KEY, "value" character varying, "created_at" timestamp(6) NOT NULL, "updated_at" timestamp(6) NOT NULL)[0m
  [1m[35m (0.3ms)[0m  [1m[34mSELECT pg_try_advisory_lock(4333383882692300625)[0m
  [1m[36mActiveRecord::SchemaMigration Pluck (1.5ms)[0m  [1m[34mSELECT "schema_migrations"."version" FROM "schema_migrations" ORDER BY "schema_migrations"."version" ASC[0m
Migrating to CreateGreetings (20230612131248)
  [1m[36mTRANSACTION (0.5ms)[0m  [1m[35mBEGIN[0m
  [1m[35m (123.1ms)[0m  [1m[35mCREATE TABLE "greetings" ("id" bigserial primary key, "greeting" character varying, "text" character varying, "created_at" timestamp(6) NOT NULL, "updated_at" timestamp(6) NOT NULL)[0m
  [1m[36mActiveRecord::SchemaMigration Create (1.2ms)[0m  [1m[32mINSERT INTO "schema_migrations" ("version") VALUES ($1) RETURNING "version"[0m  [["version", "20230612131248"]]
  [1m[36mTRANSACTION (10.2ms)[0m  [1m[35mCOMMIT[0m
  [1m[36mActiveRecord::InternalMetadata Load (0.6ms)[0m  [1m[34mSELECT "ar_internal_metadata".* FROM "ar_internal_metadata" WHERE "ar_internal_metadata"."key" = $1 LIMIT $2[0m  [["key", "environment"], ["LIMIT", 1]]
  [1m[36mTRANSACTION (0.2ms)[0m  [1m[35mBEGIN[0m
  [1m[36mActiveRecord::InternalMetadata Create (1.0ms)[0m  [1m[32mINSERT INTO "ar_internal_metadata" ("key", "value", "created_at", "updated_at") VALUES ($1, $2, $3, $4) RETURNING "key"[0m  [["key", "environment"], ["value", "development"], ["created_at", "2023-06-12 13:15:08.420750"], ["updated_at", "2023-06-12 13:15:08.420750"]]
  [1m[36mTRANSACTION (20.3ms)[0m  [1m[35mCOMMIT[0m
  [1m[35m (0.7ms)[0m  [1m[34mSELECT pg_advisory_unlock(4333383882692300625)[0m
  [1m[36mActiveRecord::SchemaMigration Pluck (0.9ms)[0m  [1m[34mSELECT "schema_migrations"."version" FROM "schema_migrations" ORDER BY "schema_migrations"."version" ASC[0m
Started GET "/" for 127.0.0.1 at 2023-06-13 15:45:20 +0300
  [1m[36mActiveRecord::SchemaMigration Pluck (50.6ms)[0m  [1m[34mSELECT "schema_migrations"."version" FROM "schema_migrations" ORDER BY "schema_migrations"."version" ASC[0m
Processing by RootController#index as HTML
Completed 406 Not Acceptable in 73ms (ActiveRecord: 0.0ms | Allocations: 4361)


  
ActionController::MissingExactTemplate (RootController#index is missing a template for request formats: text/html):
  
actionpack (7.0.5) lib/action_controller/metal/implicit_render.rb:45:in `default_render'
actionpack (7.0.5) lib/action_controller/metal/basic_implicit_render.rb:7:in `send_action'
actionpack (7.0.5) lib/abstract_controller/base.rb:215:in `process_action'
actionpack (7.0.5) lib/action_controller/metal/rendering.rb:165:in `process_action'
actionpack (7.0.5) lib/abstract_controller/callbacks.rb:234:in `block in process_action'
activesupport (7.0.5) lib/active_support/callbacks.rb:118:in `block in run_callbacks'
actiontext (7.0.5) lib/action_text/rendering.rb:20:in `with_renderer'
actiontext (7.0.5) lib/action_text/engine.rb:69:in `block (4 levels) in <class:Engine>'
activesupport (7.0.5) lib/active_support/callbacks.rb:127:in `instance_exec'
activesupport (7.0.5) lib/active_support/callbacks.rb:127:in `block in run_callbacks'
activesupport (7.0.5) lib/active_support/callbacks.rb:138:in `run_callbacks'
actionpack (7.0.5) lib/abstract_controller/callbacks.rb:233:in `process_action'
actionpack (7.0.5) lib/action_controller/metal/rescue.rb:22:in `process_action'
actionpack (7.0.5) lib/action_controller/metal/instrumentation.rb:67:in `block in process_action'
activesupport (7.0.5) lib/active_support/notifications.rb:206:in `block in instrument'
activesupport (7.0.5) lib/active_support/notifications/instrumenter.rb:24:in `instrument'
activesupport (7.0.5) lib/active_support/notifications.rb:206:in `instrument'
actionpack (7.0.5) lib/action_controller/metal/instrumentation.rb:66:in `process_action'
actionpack (7.0.5) lib/action_controller/metal/params_wrapper.rb:259:in `process_action'
activerecord (7.0.5) lib/active_record/railties/controller_runtime.rb:27:in `process_action'
actionpack (7.0.5) lib/abstract_controller/base.rb:151:in `process'
actionview (7.0.5) lib/action_view/rendering.rb:39:in `process'
actionpack (7.0.5) lib/action_controller/metal.rb:188:in `dispatch'
actionpack (7.0.5) lib/action_controller/metal.rb:251:in `dispatch'
actionpack (7.0.5) lib/action_dispatch/routing/route_set.rb:49:in `dispatch'
actionpack (7.0.5) lib/action_dispatch/routing/route_set.rb:32:in `serve'
actionpack (7.0.5) lib/action_dispatch/journey/router.rb:50:in `block in serve'
actionpack (7.0.5) lib/action_dispatch/journey/router.rb:32:in `each'
actionpack (7.0.5) lib/action_dispatch/journey/router.rb:32:in `serve'
actionpack (7.0.5) lib/action_dispatch/routing/route_set.rb:852:in `call'
rack (2.2.7) lib/rack/tempfile_reaper.rb:15:in `call'
rack (2.2.7) lib/rack/etag.rb:27:in `call'
rack (2.2.7) lib/rack/conditional_get.rb:27:in `call'
rack (2.2.7) lib/rack/head.rb:12:in `call'
actionpack (7.0.5) lib/action_dispatch/http/permissions_policy.rb:38:in `call'
actionpack (7.0.5) lib/action_dispatch/http/content_security_policy.rb:36:in `call'
rack (2.2.7) lib/rack/session/abstract/id.rb:266:in `context'
rack (2.2.7) lib/rack/session/abstract/id.rb:260:in `call'
actionpack (7.0.5) lib/action_dispatch/middleware/cookies.rb:704:in `call'
activerecord (7.0.5) lib/active_record/migration.rb:603:in `call'
actionpack (7.0.5) lib/action_dispatch/middleware/callbacks.rb:27:in `block in call'
activesupport (7.0.5) lib/active_support/callbacks.rb:99:in `run_callbacks'
actionpack (7.0.5) lib/action_dispatch/middleware/callbacks.rb:26:in `call'
actionpack (7.0.5) lib/action_dispatch/middleware/executor.rb:14:in `call'
actionpack (7.0.5) lib/action_dispatch/middleware/actionable_exceptions.rb:17:in `call'
actionpack (7.0.5) lib/action_dispatch/middleware/debug_exceptions.rb:28:in `call'
web-console (4.2.0) lib/web_console/middleware.rb:132:in `call_app'
web-console (4.2.0) lib/web_console/middleware.rb:28:in `block in call'
web-console (4.2.0) lib/web_console/middleware.rb:17:in `catch'
web-console (4.2.0) lib/web_console/middleware.rb:17:in `call'
actionpack (7.0.5) lib/action_dispatch/middleware/show_exceptions.rb:26:in `call'
railties (7.0.5) lib/rails/rack/logger.rb:40:in `call_app'
railties (7.0.5) lib/rails/rack/logger.rb:25:in `block in call'
activesupport (7.0.5) lib/active_support/tagged_logging.rb:99:in `block in tagged'
activesupport (7.0.5) lib/active_support/tagged_logging.rb:37:in `tagged'
activesupport (7.0.5) lib/active_support/tagged_logging.rb:99:in `tagged'
railties (7.0.5) lib/rails/rack/logger.rb:25:in `call'
sprockets-rails (3.4.2) lib/sprockets/rails/quiet_assets.rb:13:in `call'
actionpack (7.0.5) lib/action_dispatch/middleware/remote_ip.rb:93:in `call'
actionpack (7.0.5) lib/action_dispatch/middleware/request_id.rb:26:in `call'
rack (2.2.7) lib/rack/method_override.rb:24:in `call'
rack (2.2.7) lib/rack/runtime.rb:22:in `call'
activesupport (7.0.5) lib/active_support/cache/strategy/local_cache_middleware.rb:29:in `call'
actionpack (7.0.5) lib/action_dispatch/middleware/server_timing.rb:61:in `block in call'
actionpack (7.0.5) lib/action_dispatch/middleware/server_timing.rb:26:in `collect_events'
actionpack (7.0.5) lib/action_dispatch/middleware/server_timing.rb:60:in `call'
actionpack (7.0.5) lib/action_dispatch/middleware/executor.rb:14:in `call'
actionpack (7.0.5) lib/action_dispatch/middleware/static.rb:23:in `call'
rack (2.2.7) lib/rack/sendfile.rb:110:in `call'
actionpack (7.0.5) lib/action_dispatch/middleware/host_authorization.rb:137:in `call'
railties (7.0.5) lib/rails/engine.rb:530:in `call'
puma (5.6.5) lib/puma/configuration.rb:252:in `call'
puma (5.6.5) lib/puma/request.rb:77:in `block in handle_request'
puma (5.6.5) lib/puma/thread_pool.rb:340:in `with_force_shutdown'
puma (5.6.5) lib/puma/request.rb:76:in `handle_request'
puma (5.6.5) lib/puma/server.rb:443:in `process_client'
puma (5.6.5) lib/puma/thread_pool.rb:147:in `block in spawn_thread'
Started GET "/" for 127.0.0.1 at 2023-06-13 15:47:32 +0300
Processing by RootController#index as HTML
Completed 406 Not Acceptable in 1ms (ActiveRecord: 0.0ms | Allocations: 539)


  
ActionController::MissingExactTemplate (RootController#index is missing a template for request formats: text/html):
  
actionpack (7.0.5) lib/action_controller/metal/implicit_render.rb:45:in `default_render'
actionpack (7.0.5) lib/action_controller/metal/basic_implicit_render.rb:7:in `send_action'
actionpack (7.0.5) lib/abstract_controller/base.rb:215:in `process_action'
actionpack (7.0.5) lib/action_controller/metal/rendering.rb:165:in `process_action'
actionpack (7.0.5) lib/abstract_controller/callbacks.rb:234:in `block in process_action'
activesupport (7.0.5) lib/active_support/callbacks.rb:118:in `block in run_callbacks'
actiontext (7.0.5) lib/action_text/rendering.rb:20:in `with_renderer'
actiontext (7.0.5) lib/action_text/engine.rb:69:in `block (4 levels) in <class:Engine>'
activesupport (7.0.5) lib/active_support/callbacks.rb:127:in `instance_exec'
activesupport (7.0.5) lib/active_support/callbacks.rb:127:in `block in run_callbacks'
activesupport (7.0.5) lib/active_support/callbacks.rb:138:in `run_callbacks'
actionpack (7.0.5) lib/abstract_controller/callbacks.rb:233:in `process_action'
actionpack (7.0.5) lib/action_controller/metal/rescue.rb:22:in `process_action'
actionpack (7.0.5) lib/action_controller/metal/instrumentation.rb:67:in `block in process_action'
activesupport (7.0.5) lib/active_support/notifications.rb:206:in `block in instrument'
activesupport (7.0.5) lib/active_support/notifications/instrumenter.rb:24:in `instrument'
activesupport (7.0.5) lib/active_support/notifications.rb:206:in `instrument'
actionpack (7.0.5) lib/action_controller/metal/instrumentation.rb:66:in `process_action'
actionpack (7.0.5) lib/action_controller/metal/params_wrapper.rb:259:in `process_action'
activerecord (7.0.5) lib/active_record/railties/controller_runtime.rb:27:in `process_action'
actionpack (7.0.5) lib/abstract_controller/base.rb:151:in `process'
actionview (7.0.5) lib/action_view/rendering.rb:39:in `process'
actionpack (7.0.5) lib/action_controller/metal.rb:188:in `dispatch'
actionpack (7.0.5) lib/action_controller/metal.rb:251:in `dispatch'
actionpack (7.0.5) lib/action_dispatch/routing/route_set.rb:49:in `dispatch'
actionpack (7.0.5) lib/action_dispatch/routing/route_set.rb:32:in `serve'
actionpack (7.0.5) lib/action_dispatch/journey/router.rb:50:in `block in serve'
actionpack (7.0.5) lib/action_dispatch/journey/router.rb:32:in `each'
actionpack (7.0.5) lib/action_dispatch/journey/router.rb:32:in `serve'
actionpack (7.0.5) lib/action_dispatch/routing/route_set.rb:852:in `call'
rack (2.2.7) lib/rack/tempfile_reaper.rb:15:in `call'
rack (2.2.7) lib/rack/etag.rb:27:in `call'
rack (2.2.7) lib/rack/conditional_get.rb:27:in `call'
rack (2.2.7) lib/rack/head.rb:12:in `call'
actionpack (7.0.5) lib/action_dispatch/http/permissions_policy.rb:38:in `call'
actionpack (7.0.5) lib/action_dispatch/http/content_security_policy.rb:36:in `call'
rack (2.2.7) lib/rack/session/abstract/id.rb:266:in `context'
rack (2.2.7) lib/rack/session/abstract/id.rb:260:in `call'
actionpack (7.0.5) lib/action_dispatch/middleware/cookies.rb:704:in `call'
activerecord (7.0.5) lib/active_record/migration.rb:603:in `call'
actionpack (7.0.5) lib/action_dispatch/middleware/callbacks.rb:27:in `block in call'
activesupport (7.0.5) lib/active_support/callbacks.rb:99:in `run_callbacks'
actionpack (7.0.5) lib/action_dispatch/middleware/callbacks.rb:26:in `call'
actionpack (7.0.5) lib/action_dispatch/middleware/executor.rb:14:in `call'
actionpack (7.0.5) lib/action_dispatch/middleware/actionable_exceptions.rb:17:in `call'
actionpack (7.0.5) lib/action_dispatch/middleware/debug_exceptions.rb:28:in `call'
web-console (4.2.0) lib/web_console/middleware.rb:132:in `call_app'
web-console (4.2.0) lib/web_console/middleware.rb:28:in `block in call'
web-console (4.2.0) lib/web_console/middleware.rb:17:in `catch'
web-console (4.2.0) lib/web_console/middleware.rb:17:in `call'
actionpack (7.0.5) lib/action_dispatch/middleware/show_exceptions.rb:26:in `call'
railties (7.0.5) lib/rails/rack/logger.rb:40:in `call_app'
railties (7.0.5) lib/rails/rack/logger.rb:25:in `block in call'
activesupport (7.0.5) lib/active_support/tagged_logging.rb:99:in `block in tagged'
activesupport (7.0.5) lib/active_support/tagged_logging.rb:37:in `tagged'
activesupport (7.0.5) lib/active_support/tagged_logging.rb:99:in `tagged'
railties (7.0.5) lib/rails/rack/logger.rb:25:in `call'
sprockets-rails (3.4.2) lib/sprockets/rails/quiet_assets.rb:13:in `call'
actionpack (7.0.5) lib/action_dispatch/middleware/remote_ip.rb:93:in `call'
actionpack (7.0.5) lib/action_dispatch/middleware/request_id.rb:26:in `call'
rack (2.2.7) lib/rack/method_override.rb:24:in `call'
rack (2.2.7) lib/rack/runtime.rb:22:in `call'
activesupport (7.0.5) lib/active_support/cache/strategy/local_cache_middleware.rb:29:in `call'
actionpack (7.0.5) lib/action_dispatch/middleware/server_timing.rb:61:in `block in call'
actionpack (7.0.5) lib/action_dispatch/middleware/server_timing.rb:26:in `collect_events'
actionpack (7.0.5) lib/action_dispatch/middleware/server_timing.rb:60:in `call'
actionpack (7.0.5) lib/action_dispatch/middleware/executor.rb:14:in `call'
actionpack (7.0.5) lib/action_dispatch/middleware/static.rb:23:in `call'
rack (2.2.7) lib/rack/sendfile.rb:110:in `call'
actionpack (7.0.5) lib/action_dispatch/middleware/host_authorization.rb:137:in `call'
railties (7.0.5) lib/rails/engine.rb:530:in `call'
puma (5.6.5) lib/puma/configuration.rb:252:in `call'
puma (5.6.5) lib/puma/request.rb:77:in `block in handle_request'
puma (5.6.5) lib/puma/thread_pool.rb:340:in `with_force_shutdown'
puma (5.6.5) lib/puma/request.rb:76:in `handle_request'
puma (5.6.5) lib/puma/server.rb:443:in `process_client'
puma (5.6.5) lib/puma/thread_pool.rb:147:in `block in spawn_thread'
